  KeyMan.cpp
  Source.cpp
C:\Users\Ethan\source\repos\OpenGameCamera\OpenGameCamera\Typedefs.hpp(8,86): warning C4229: anachronism used: modifiers on data are ignored
C:\Users\Ethan\source\repos\OpenGameCamera\OpenGameCamera\Typedefs.hpp(11,77): warning C4229: anachronism used: modifiers on data are ignored
C:\Users\Ethan\source\repos\OpenGameCamera\OpenGameCamera\Menu.hpp(104,78): warning C4244: 'argument': conversion from 'int' to 'float', possible loss of data
C:\Users\Ethan\source\repos\OpenGameCamera\OpenGameCamera\Menu.hpp(104,69): warning C4244: 'argument': conversion from 'int' to 'float', possible loss of data
C:\Users\Ethan\source\repos\OpenGameCamera\OpenGameCamera\Menu.hpp(107,90): warning C4244: 'argument': conversion from 'int' to 'float', possible loss of data
C:\Users\Ethan\source\repos\OpenGameCamera\OpenGameCamera\Menu.hpp(107,69): warning C4244: 'argument': conversion from 'int' to 'float', possible loss of data
C:\Users\Ethan\source\repos\OpenGameCamera\OpenGameCamera\Menu.hpp(108,68): warning C4244: 'argument': conversion from 'float' to 'int', possible loss of data
C:\Users\Ethan\source\repos\OpenGameCamera\OpenGameCamera\Menu.hpp(108,43): warning C4244: 'argument': conversion from 'float' to 'int', possible loss of data
C:\Users\Ethan\source\repos\OpenGameCamera\OpenGameCamera\Menu.hpp(111,21): warning C4244: 'initializing': conversion from 'float' to 'int', possible loss of data
C:\Users\Ethan\source\repos\OpenGameCamera\OpenGameCamera\Menu.hpp(114,66): warning C4244: 'argument': conversion from 'float' to 'int', possible loss of data
C:\Users\Ethan\source\repos\OpenGameCamera\OpenGameCamera\Menu.hpp(122,14): warning C4244: 'initializing': conversion from 'float' to 'int', possible loss of data
C:\Users\Ethan\source\repos\OpenGameCamera\OpenGameCamera\Menu.hpp(128,43): warning C4244: 'argument': conversion from 'int' to 'float', possible loss of data
C:\Users\Ethan\source\repos\OpenGameCamera\OpenGameCamera\Menu.hpp(128,37): warning C4244: 'argument': conversion from 'int' to 'float', possible loss of data
C:\Users\Ethan\source\repos\OpenGameCamera\OpenGameCamera\Menu.hpp(128,31): warning C4244: 'argument': conversion from 'int' to 'float', possible loss of data
C:\Users\Ethan\source\repos\OpenGameCamera\OpenGameCamera\Menu.hpp(128,25): warning C4244: 'argument': conversion from 'int' to 'float', possible loss of data
C:\Users\Ethan\source\repos\OpenGameCamera\OpenGameCamera\Menu.hpp(140,66): warning C4244: 'argument': conversion from 'int' to 'float', possible loss of data
C:\Users\Ethan\source\repos\OpenGameCamera\OpenGameCamera\Menu.hpp(139,66): warning C4244: 'argument': conversion from 'int' to 'float', possible loss of data
C:\Users\Ethan\source\repos\OpenGameCamera\OpenGameCamera\Menu.hpp(138,67): warning C4244: 'argument': conversion from 'int' to 'float', possible loss of data
C:\Users\Ethan\source\repos\OpenGameCamera\OpenGameCamera\Menu.hpp(147,66): warning C4244: 'argument': conversion from 'int' to 'float', possible loss of data
C:\Users\Ethan\source\repos\OpenGameCamera\OpenGameCamera\Menu.hpp(146,66): warning C4244: 'argument': conversion from 'int' to 'float', possible loss of data
C:\Users\Ethan\source\repos\OpenGameCamera\OpenGameCamera\Menu.hpp(145,67): warning C4244: 'argument': conversion from 'int' to 'float', possible loss of data
C:\Users\Ethan\source\repos\OpenGameCamera\OpenGameCamera\Menu.hpp(166,15): warning C4244: 'initializing': conversion from 'float' to 'int', possible loss of data
C:\Users\Ethan\source\repos\OpenGameCamera\OpenGameCamera\Menu.hpp(173,57): warning C4244: 'argument': conversion from 'int' to 'float', possible loss of data
C:\Users\Ethan\source\repos\OpenGameCamera\OpenGameCamera\Menu.hpp(173,51): warning C4244: 'argument': conversion from 'int' to 'float', possible loss of data
C:\Users\Ethan\source\repos\OpenGameCamera\OpenGameCamera\Menu.hpp(173,45): warning C4244: 'argument': conversion from 'int' to 'float', possible loss of data
C:\Users\Ethan\source\repos\OpenGameCamera\OpenGameCamera\Menu.hpp(173,31): warning C4244: 'argument': conversion from 'int' to 'float', possible loss of data
C:\Users\Ethan\source\repos\OpenGameCamera\OpenGameCamera\Menu.hpp(180,44): warning C4244: 'argument': conversion from 'int' to 'float', possible loss of data
C:\Users\Ethan\source\repos\OpenGameCamera\OpenGameCamera\Menu.hpp(180,38): warning C4244: 'argument': conversion from 'int' to 'float', possible loss of data
C:\Users\Ethan\source\repos\OpenGameCamera\OpenGameCamera\Menu.hpp(180,32): warning C4244: 'argument': conversion from 'int' to 'float', possible loss of data
C:\Users\Ethan\source\repos\OpenGameCamera\OpenGameCamera\Menu.hpp(180,26): warning C4244: 'argument': conversion from 'int' to 'float', possible loss of data
C:\Users\Ethan\source\repos\OpenGameCamera\OpenGameCamera\Menu.hpp(231,42): warning C4244: '=': conversion from 'LONG' to 'float', possible loss of data
C:\Users\Ethan\source\repos\OpenGameCamera\OpenGameCamera\Menu.hpp(232,42): warning C4244: '=': conversion from 'LONG' to 'float', possible loss of data
C:\Users\Ethan\source\repos\OpenGameCamera\OpenGameCamera\MouseManager.hpp(14,70): warning C4229: anachronism used: modifiers on data are ignored
C:\Users\Ethan\source\repos\OpenGameCamera\OpenGameCamera\Source.cpp(229,25): warning C4305: '=': truncation from 'double' to 'float'
C:\Users\Ethan\source\repos\OpenGameCamera\OpenGameCamera\Source.cpp(231,26): warning C4305: '=': truncation from 'double' to 'float'
C:\Users\Ethan\source\repos\OpenGameCamera\OpenGameCamera\Source.cpp(293,95): warning C4229: anachronism used: modifiers on data are ignored
  Generating code
  2 of 531 functions ( 0.4%) were compiled, the rest were copied from previous compilation.
    0 functions were new in current compilation
    6 functions had inline decision re-evaluated but remain unchanged
  Finished generating code
  OpenGameCamera.vcxproj -> C:\Users\Ethan\Source\Repos\OpenGameCamera\x64\Release\OpenGameCamera.dll
